1682965265037:hrlp
1682965272373:stacktrace
1682965277413:help
1682965297461:quit
1682966466410:help
1682966472236:info
1682966788245:quit
1682967305579:help
1682967321283:details
1682967671370:quit
1682967678030:help
1682967684083:metadata
1682967699629:quit
1682969953347:metadata
1682970540974:stacktrace
1682970622793:metadata
1682970633792:stacktrace
1682970663757:metadata
1683009839192:help
1683009858296:quit
1683058077142:create
1683058140821:quit
1683059139895:create
1683059160729:quit
1683059682924:create
1683059721692:quit
1683059752878:create
1683060250901:quit
1683060257359:create
1683060314937:quit
1683060461121:create
1683061211117:help
1683061342205:quit
1683061578056:help
1683061682142:quit
